wear/build/intermediates/manifest_merge_blame_file/debug/processDebugMainManifest/manifest-merger-blame-debug-report.txt
1<?xml version="1.0" encoding="utf-8"?>
2<manifest xmlns:android="http://schemas.android.com/apk/res/android"
3    package="com.example.myapplication"
4    android:versionCode="1"
5    android:versionName="1.0" >
6
7    <uses-sdk
7-->INJECTED
8        android:minSdkVersion="30"
8-->INJECTED
9        android:targetSdkVersion="36" />
9-->INJECTED
10
11    <uses-feature android:name="android.hardware.type.watch" />
11-->src\main\AndroidManifest.xml:4:5-64
11-->src\main\AndroidManifest.xml:4:19-61
12
13    <uses-permission android:name="android.permission.BODY_SENSORS" />
13-->src\main\AndroidManifest.xml:6:5-71
13-->src\main\AndroidManifest.xml:6:22-68
14    <uses-permission android:name="android.permission.ACTIVITY_RECOGNITION" />
14-->src\main\AndroidManifest.xml:7:5-79
14-->src\main\AndroidManifest.xml:7:22-76
15
16    <queries>
16-->[androidx.health:health-services-client:1.0.0] AndroidManifest.xml:19:5-21:15
17        <package android:name="com.google.android.wearable.healthservices" />
17-->[androidx.health:health-services-client:1.0.0] AndroidManifest.xml:20:9-78
17-->[androidx.health:health-services-client:1.0.0] AndroidManifest.xml:20:18-75
18    </queries>
19
20    <permission
20-->[androidx.core:core:1.19.0] AndroidManifest.xml:22:5-24:47
21        android:name="com.example.myapplication.DYNAMIC_RECEIVER_NOT_EXPORTED_PERMISSION"
21-->[androidx.core:core:1.19.0] AndroidManifest.xml:23:9-81
22        android:protectionLevel="signature" />
22-->[androidx.core:core:1.19.0] AndroidManifest.xml:24:9-44
23
24    <uses-permission android:name="com.example.myapplication.DYNAMIC_RECEIVER_NOT_EXPORTED_PERMISSION" />
24-->[androidx.core:core:1.19.0] AndroidManifest.xml:26:5-97
24-->[androidx.core:core:1.19.0] AndroidManifest.xml:26:22-94
25
26    <application
26-->src\main\AndroidManifest.xml:9:5-28:19
27        android:allowBackup="true"
27-->src\main\AndroidManifest.xml:10:9-35
28        android:appComponentFactory="androidx.core.app.CoreComponentFactory"
28-->[androidx.core:core:1.19.0] AndroidManifest.xml:28:18-86
29        android:debuggable="true"
30        android:extractNativeLibs="false"
30-->INJECTED
31        android:icon="@mipmap/ic_launcher"
31-->src\main\AndroidManifest.xml:11:9-43
32        android:label="@string/app_name"
32-->src\main\AndroidManifest.xml:12:9-41
33        android:supportsRtl="true"
33-->src\main\AndroidManifest.xml:13:9-35
34        android:theme="@android:style/Theme.DeviceDefault" >
34-->src\main\AndroidManifest.xml:14:9-59
35        <uses-library
35-->src\main\AndroidManifest.xml:16:9-18:39
36            android:name="com.google.android.wearable"
36-->src\main\AndroidManifest.xml:17:13-55
37            android:required="true" />
37-->src\main\AndroidManifest.xml:18:13-36
38
39        <activity
39-->src\main\AndroidManifest.xml:20:9-27:20
40            android:name="com.example.myapplication.MainActivity"
40-->src\main\AndroidManifest.xml:21:13-41
41            android:exported="true" >
41-->src\main\AndroidManifest.xml:22:13-36
42            <intent-filter>
42-->src\main\AndroidManifest.xml:23:13-26:29
43                <action android:name="android.intent.action.MAIN" />
43-->src\main\AndroidManifest.xml:24:17-69
43-->src\main\AndroidManifest.xml:24:25-66
44
45                <category android:name="android.intent.category.LAUNCHER" />
45-->src\main\AndroidManifest.xml:25:17-77
45-->src\main\AndroidManifest.xml:25:27-74
46            </intent-filter>
47        </activity>
48
49        <uses-library
49-->[androidx.wear:wear:1.4.0] AndroidManifest.xml:26:9-28:40
50            android:name="wear-sdk"
50-->[androidx.wear:wear:1.4.0] AndroidManifest.xml:27:13-36
51            android:required="false" />
51-->[androidx.wear:wear:1.4.0] AndroidManifest.xml:28:13-37
52
53        <service
53-->[androidx.health:health-services-client:1.0.0] AndroidManifest.xml:24:9-31:19
54            android:name="androidx.health.services.client.VersionApiService"
54-->[androidx.health:health-services-client:1.0.0] AndroidManifest.xml:25:13-77
55            android:exported="true"
55-->[androidx.health:health-services-client:1.0.0] AndroidManifest.xml:26:13-36
56            android:permission="com.google.android.wearable.healthservices.permission.PASSIVE_DATA_BINDING" >
56-->[androidx.health:health-services-client:1.0.0] AndroidManifest.xml:27:13-108
57            <intent-filter>
57-->[androidx.health:health-services-client:1.0.0] AndroidManifest.xml:28:13-30:29
58                <action android:name="hs.versionclient.BIND" />
58-->[androidx.health:health-services-client:1.0.0] AndroidManifest.xml:29:17-64
58-->[androidx.health:health-services-client:1.0.0] AndroidManifest.xml:29:25-61
59            </intent-filter>
60        </service>
61
62        <activity
62-->[com.google.android.gms:play-services-base:18.5.0] AndroidManifest.xml:5:9-173
63            android:name="com.google.android.gms.common.api.GoogleApiActivity"
63-->[com.google.android.gms:play-services-base:18.5.0] AndroidManifest.xml:5:19-85
64            android:exported="false"
64-->[com.google.android.gms:play-services-base:18.5.0] AndroidManifest.xml:5:146-170
65            android:theme="@android:style/Theme.Translucent.NoTitleBar" />
65-->[com.google.android.gms:play-services-base:18.5.0] AndroidManifest.xml:5:86-145
66
67        <meta-data
67-->[com.google.android.gms:play-services-basement:18.4.0] AndroidManifest.xml:6:9-122
68            android:name="com.google.android.gms.version"
68-->[com.google.android.gms:play-services-basement:18.4.0] AndroidManifest.xml:6:20-65
69            android:value="@integer/google_play_services_version" />
69-->[com.google.android.gms:play-services-basement:18.4.0] AndroidManifest.xml:6:66-119
70
71        <provider
71-->[androidx.profileinstaller:profileinstaller:1.3.0] AndroidManifest.xml:24:9-32:20
72            android:name="androidx.startup.InitializationProvider"
72-->[androidx.profileinstaller:profileinstaller:1.3.0] AndroidManifest.xml:25:13-67
73            android:authorities="com.example.myapplication.androidx-startup"
73-->[androidx.profileinstaller:profileinstaller:1.3.0] AndroidManifest.xml:26:13-68
74            android:exported="false" >
74-->[androidx.profileinstaller:profileinstaller:1.3.0] AndroidManifest.xml:27:13-37
75            <meta-data
75-->[androidx.profileinstaller:profileinstaller:1.3.0] AndroidManifest.xml:29:13-31:52
76                android:name="androidx.profileinstaller.ProfileInstallerInitializer"
76-->[androidx.profileinstaller:profileinstaller:1.3.0] AndroidManifest.xml:30:17-85
77                android:value="androidx.startup" />
77-->[androidx.profileinstaller:profileinstaller:1.3.0] AndroidManifest.xml:31:17-49
78        </provider>
79
80        <receiver
80-->[androidx.profileinstaller:profileinstaller:1.3.0] AndroidManifest.xml:34:9-52:20
81            android:name="androidx.profileinstaller.ProfileInstallReceiver"
81-->[androidx.profileinstaller:profileinstaller:1.3.0] AndroidManifest.xml:35:13-76
82            android:directBootAware="false"
82-->[androidx.profileinstaller:profileinstaller:1.3.0] AndroidManifest.xml:36:13-44
83            android:enabled="true"
83-->[androidx.profileinstaller:profileinstaller:1.3.0] AndroidManifest.xml:37:13-35
84            android:exported="true"
84-->[androidx.profileinstaller:profileinstaller:1.3.0] AndroidManifest.xml:38:13-36
85            android:permission="android.permission.DUMP" >
85-->[androidx.profileinstaller:profileinstaller:1.3.0] AndroidManifest.xml:39:13-57
86            <intent-filter>
86-->[androidx.profileinstaller:profileinstaller:1.3.0] AndroidManifest.xml:40:13-42:29
87                <action android:name="androidx.profileinstaller.action.INSTALL_PROFILE" />
87-->[androidx.profileinstaller:profileinstaller:1.3.0] AndroidManifest.xml:41:17-91
87-->[androidx.profileinstaller:profileinstaller:1.3.0] AndroidManifest.xml:41:25-88
88            </intent-filter>
89            <intent-filter>
89-->[androidx.profileinstaller:profileinstaller:1.3.0] AndroidManifest.xml:43:13-45:29
90                <action android:name="androidx.profileinstaller.action.SKIP_FILE" />
90-->[androidx.profileinstaller:profileinstaller:1.3.0] AndroidManifest.xml:44:17-85
90-->[androidx.profileinstaller:profileinstaller:1.3.0] AndroidManifest.xml:44:25-82
91            </intent-filter>
92            <intent-filter>
92-->[androidx.profileinstaller:profileinstaller:1.3.0] AndroidManifest.xml:46:13-48:29
93                <action android:name="androidx.profileinstaller.action.SAVE_PROFILE" />
93-->[androidx.profileinstaller:profileinstaller:1.3.0] AndroidManifest.xml:47:17-88
93-->[androidx.profileinstaller:profileinstaller:1.3.0] AndroidManifest.xml:47:25-85
94            </intent-filter>
95            <intent-filter>
95-->[androidx.profileinstaller:profileinstaller:1.3.0] AndroidManifest.xml:49:13-51:29
96                <action android:name="androidx.profileinstaller.action.BENCHMARK_OPERATION" />
96-->[androidx.profileinstaller:profileinstaller:1.3.0] AndroidManifest.xml:50:17-95
96-->[androidx.profileinstaller:profileinstaller:1.3.0] AndroidManifest.xml:50:25-92
97            </intent-filter>
98        </receiver>
99    </application>
100
101</manifest>